Build started 12/5/2014 11:21:20 PM.
     1>Project "C:\Users\Admin\Desktop\IT 356\Raytracer Part 2 - Near working\ScenegraphWithLightsTextures\ScenegraphWithLightsTextures.vcxproj" on node 2 (Build target(s)).
     1>ClCompile:
         C:\Program Files (x86)\Microsoft Visual Studio 11.0\VC\bin\CL.exe /c /I../../graphics/headers /ZI /nologo /W3 /WX- /Od /Oy- /D WIN32 /D _DEBUG /D _CONSOLE /D _UNICODE /D UNICODE /Gm /EHsc /RTC1 /MDd /GS /fp:precise /Zc:wchar_t /Zc:forScope /Fo"Debug\\" /Fd"Debug\vc110.pdb" /Gd /TP /analyze- /errorReport:prompt View.cpp
         View.cpp
     1>c:\users\admin\desktop\it 356\raytracer part 2 - near working\scenegraphwithlightstextures\scenegraph.h(57): warning C4018: '<' : signed/unsigned mismatch
     1>c:\users\admin\desktop\it 356\raytracer part 2 - near working\scenegraphwithlightstextures\scenegraph.h(60): warning C4018: '<' : signed/unsigned mismatch
     1>c:\users\admin\desktop\it 356\raytracer part 2 - near working\scenegraphwithlightstextures\leafnode.h(133): warning C4305: 'initializing' : truncation from 'double' to 'float'
     1>c:\users\admin\desktop\it 356\raytracer part 2 - near working\scenegraphwithlightstextures\leafnode.h(156): warning C4244: 'initializing' : conversion from 'double' to 'float', possible loss of data
     1>c:\users\admin\desktop\it 356\raytracer part 2 - near working\scenegraphwithlightstextures\leafnode.h(157): warning C4244: 'initializing' : conversion from 'double' to 'float', possible loss of data
     1>c:\users\admin\desktop\it 356\raytracer part 2 - near working\scenegraphwithlightstextures\leafnode.h(163): warning C4244: 'initializing' : conversion from 'double' to 'float', possible loss of data
     1>c:\users\admin\desktop\it 356\raytracer part 2 - near working\scenegraphwithlightstextures\leafnode.h(164): warning C4244: 'initializing' : conversion from 'double' to 'float', possible loss of data
     1>c:\users\admin\desktop\it 356\raytracer part 2 - near working\scenegraphwithlightstextures\leafnode.h(170): warning C4244: 'initializing' : conversion from 'double' to 'float', possible loss of data
     1>c:\users\admin\desktop\it 356\raytracer part 2 - near working\scenegraphwithlightstextures\leafnode.h(171): warning C4244: 'initializing' : conversion from 'double' to 'float', possible loss of data
     1>c:\users\admin\desktop\it 356\raytracer part 2 - near working\scenegraphwithlightstextures\leafnode.h(288): warning C4244: '=' : conversion from 'double' to 'float', possible loss of data
     1>c:\users\admin\desktop\it 356\raytracer part 2 - near working\scenegraphwithlightstextures\leafnode.h(290): warning C4244: '=' : conversion from 'double' to 'float', possible loss of data
     1>c:\users\admin\desktop\it 356\raytracer part 2 - near working\scenegraphwithlightstextures\groupnode.h(33): warning C4018: '<' : signed/unsigned mismatch
     1>c:\users\admin\desktop\it 356\raytracer part 2 - near working\scenegraphwithlightstextures\groupnode.h(40): warning C4018: '<' : signed/unsigned mismatch
     1>c:\users\admin\desktop\it 356\raytracer part 2 - near working\scenegraphwithlightstextures\groupnode.h(58): warning C4018: '<' : signed/unsigned mismatch
     1>c:\users\admin\desktop\it 356\raytracer part 2 - near working\scenegraphwithlightstextures\groupnode.h(68): warning C4018: '<' : signed/unsigned mismatch
     1>c:\users\admin\desktop\it 356\raytracer part 2 - near working\scenegraphwithlightstextures\groupnode.h(88): warning C4018: '<' : signed/unsigned mismatch
     1>c:\users\admin\desktop\it 356\raytracer part 2 - near working\scenegraphwithlightstextures\groupnode.h(101): warning C4018: '<' : signed/unsigned mismatch
     1>c:\users\admin\desktop\it 356\raytracer part 2 - near working\scenegraphwithlightstextures\groupnode.h(109): warning C4018: '<' : signed/unsigned mismatch
     1>c:\users\admin\desktop\it 356\raytracer part 2 - near working\scenegraphwithlightstextures\groupnode.h(141): warning C4018: '<' : signed/unsigned mismatch
     1>c:\users\admin\desktop\it 356\raytracer part 2 - near working\scenegraphwithlightstextures\groupnode.h(153): warning C4018: '<' : signed/unsigned mismatch
     1>c:\users\admin\desktop\it 356\raytracer part 2 - near working\scenegraphwithlightstextures\objimporter.h(251): warning C4244: '=' : conversion from 'double' to 'float', possible loss of data
     1>c:\users\admin\desktop\it 356\raytracer part 2 - near working\scenegraphwithlightstextures\view.cpp(185): warning C4244: '=' : conversion from 'float' to 'int', possible loss of data
     1>c:\users\admin\desktop\it 356\raytracer part 2 - near working\scenegraphwithlightstextures\view.cpp(186): warning C4244: '=' : conversion from 'float' to 'int', possible loss of data
       Link:
         C:\Program Files (x86)\Microsoft Visual Studio 11.0\VC\bin\link.exe /ERRORREPORT:PROMPT /OUT:"C:\Users\Admin\Desktop\IT 356\Raytracer Part 2 - Near working\Debug\ScenegraphWithLightsTextures.exe" /INCREMENTAL /NOLOGO /LIBPATH:../../graphics/lib/GL /LIBPATH:../../graphics/lib/SFML "sfml-window-d.lib" "sfml-graphics-d.lib" "sfml-system-d.lib" opengl32.lib glew32.lib glu32.lib kernel32.lib user32.lib gdi32.lib winspool.lib comdlg32.lib advapi32.lib shell32.lib ole32.lib oleaut32.lib uuid.lib odbc32.lib odbccp32.lib kernel32.lib user32.lib gdi32.lib winspool.lib comdlg32.lib advapi32.lib shell32.lib ole32.lib oleaut32.lib uuid.lib odbc32.lib odbccp32.lib /MANIFEST /MANIFESTUAC:"level='asInvoker' uiAccess='false'" /manifest:embed /DEBUG /PDB:"C:\Users\Admin\Desktop\IT 356\Raytracer Part 2 - Near working\Debug\ScenegraphWithLightsTextures.pdb" /SUBSYSTEM:CONSOLE /TLBID:1 /DYNAMICBASE /NXCOMPAT /IMPLIB:"C:\Users\Admin\Desktop\IT 356\Raytracer Part 2 - Near working\Debug\ScenegraphWithLightsTextures.lib" /MACHINE:X86 Debug\Light.obj
         Debug\Scenegraph.obj
         Debug\ScenegraphViewer.obj
         Debug\Texture.obj
         Debug\View.obj
         ScenegraphWithLightsTextures.vcxproj -> C:\Users\Admin\Desktop\IT 356\Raytracer Part 2 - Near working\Debug\ScenegraphWithLightsTextures.exe
     1>Done Building Project "C:\Users\Admin\Desktop\IT 356\Raytracer Part 2 - Near working\ScenegraphWithLightsTextures\ScenegraphWithLightsTextures.vcxproj" (Build target(s)).

Build succeeded.

Time Elapsed 00:00:19.74
