C:\USERS\ADMIN\DESKTOP\IT 356\RAYTRACERP2 STEVE\SCENEGRAPHWITHLIGHTSTEXTURES\DEBUG\LIGHT.OBJ
C:\USERS\ADMIN\DESKTOP\IT 356\RAYTRACERP2 STEVE\SCENEGRAPHWITHLIGHTSTEXTURES\DEBUG\SCENEGRAPH.OBJ
C:\USERS\ADMIN\DESKTOP\IT 356\RAYTRACERP2 STEVE\SCENEGRAPHWITHLIGHTSTEXTURES\DEBUG\SCENEGRAPHVIEWER.OBJ
C:\USERS\ADMIN\DESKTOP\IT 356\RAYTRACERP2 STEVE\SCENEGRAPHWITHLIGHTSTEXTURES\DEBUG\TEXTURE.OBJ
C:\USERS\ADMIN\DESKTOP\IT 356\RAYTRACERP2 STEVE\SCENEGRAPHWITHLIGHTSTEXTURES\DEBUG\VIEW.OBJ
C:\USERS\ADMIN\DESKTOP\IT 356\RAYTRACERP2 STEVE\SCENEGRAPHWITHLIGHTSTEXTURES\DEBUG\VC110.PDB
C:\USERS\AKLEIN\DESKTOP\RAYTRACER PART 2\SCENEGRAPHWITHLIGHTSTEXTURES\DEBUG\LIGHT.OBJ
C:\USERS\AKLEIN\DESKTOP\RAYTRACER PART 2\SCENEGRAPHWITHLIGHTSTEXTURES\DEBUG\SCENEGRAPH.OBJ
C:\USERS\AKLEIN\DESKTOP\RAYTRACER PART 2\SCENEGRAPHWITHLIGHTSTEXTURES\DEBUG\SCENEGRAPHVIEWER.OBJ
C:\USERS\AKLEIN\DESKTOP\RAYTRACER PART 2\SCENEGRAPHWITHLIGHTSTEXTURES\DEBUG\TEXTURE.OBJ
C:\USERS\AKLEIN\DESKTOP\RAYTRACER PART 2\SCENEGRAPHWITHLIGHTSTEXTURES\DEBUG\VC110.PDB
C:\USERS\ADMIN\DESKTOP\IT 356\RAYTRACERP2 STEVE\DEBUG\SCENEGRAPHWITHLIGHTSTEXTURES.ILK
C:\USERS\ADMIN\DESKTOP\IT 356\RAYTRACERP2 STEVE\DEBUG\SCENEGRAPHWITHLIGHTSTEXTURES.EXE
C:\USERS\ADMIN\DESKTOP\IT 356\RAYTRACERP2 STEVE\DEBUG\SCENEGRAPHWITHLIGHTSTEXTURES.PDB
C:\Users\aklein\Desktop\Raytracer Part 2\ScenegraphWithLightsTextures\Debug\Light.obj
C:\Users\aklein\Desktop\Raytracer Part 2\ScenegraphWithLightsTextures\Debug\Scenegraph.obj
C:\Users\aklein\Desktop\Raytracer Part 2\ScenegraphWithLightsTextures\Debug\ScenegraphViewer.obj
C:\Users\aklein\Desktop\Raytracer Part 2\ScenegraphWithLightsTextures\Debug\Texture.obj
C:\Users\aklein\Desktop\Raytracer Part 2\ScenegraphWithLightsTextures\Debug\cl.command.1.tlog
C:\Users\aklein\Desktop\Raytracer Part 2\ScenegraphWithLightsTextures\Debug\CL.read.1.tlog
C:\Users\aklein\Desktop\Raytracer Part 2\ScenegraphWithLightsTextures\Debug\CL.write.1.tlog
C:\Users\aklein\Desktop\Raytracer Part 2\ScenegraphWithLightsTextures\Debug\link-cvtres.read.1.tlog
C:\Users\aklein\Desktop\Raytracer Part 2\ScenegraphWithLightsTextures\Debug\link-cvtres.write.1.tlog
C:\Users\aklein\Desktop\Raytracer Part 2\ScenegraphWithLightsTextures\Debug\link-rc.read.1.tlog
C:\Users\aklein\Desktop\Raytracer Part 2\ScenegraphWithLightsTextures\Debug\link-rc.write.1.tlog
C:\Users\aklein\Desktop\Raytracer Part 2\ScenegraphWithLightsTextures\Debug\link.1012-cvtres.read.1.tlog
C:\Users\aklein\Desktop\Raytracer Part 2\ScenegraphWithLightsTextures\Debug\link.1012-cvtres.write.1.tlog
C:\Users\aklein\Desktop\Raytracer Part 2\ScenegraphWithLightsTextures\Debug\link.1012-rc.read.1.tlog
C:\Users\aklein\Desktop\Raytracer Part 2\ScenegraphWithLightsTextures\Debug\link.1012-rc.write.1.tlog
C:\Users\aklein\Desktop\Raytracer Part 2\ScenegraphWithLightsTextures\Debug\link.1012.read.1.tlog
C:\Users\aklein\Desktop\Raytracer Part 2\ScenegraphWithLightsTextures\Debug\link.1012.write.1.tlog
C:\Users\aklein\Desktop\Raytracer Part 2\ScenegraphWithLightsTextures\Debug\link.1136-cvtres.read.1.tlog
C:\Users\aklein\Desktop\Raytracer Part 2\ScenegraphWithLightsTextures\Debug\link.1136-cvtres.write.1.tlog
C:\Users\aklein\Desktop\Raytracer Part 2\ScenegraphWithLightsTextures\Debug\link.1136-rc.read.1.tlog
C:\Users\aklein\Desktop\Raytracer Part 2\ScenegraphWithLightsTextures\Debug\link.1136-rc.write.1.tlog
C:\Users\aklein\Desktop\Raytracer Part 2\ScenegraphWithLightsTextures\Debug\link.1136.read.1.tlog
C:\Users\aklein\Desktop\Raytracer Part 2\ScenegraphWithLightsTextures\Debug\link.1136.write.1.tlog
C:\Users\aklein\Desktop\Raytracer Part 2\ScenegraphWithLightsTextures\Debug\link.12708-cvtres.read.1.tlog
C:\Users\aklein\Desktop\Raytracer Part 2\ScenegraphWithLightsTextures\Debug\link.12708-cvtres.write.1.tlog
C:\Users\aklein\Desktop\Raytracer Part 2\ScenegraphWithLightsTextures\Debug\link.12708-rc.read.1.tlog
C:\Users\aklein\Desktop\Raytracer Part 2\ScenegraphWithLightsTextures\Debug\link.12708-rc.write.1.tlog
C:\Users\aklein\Desktop\Raytracer Part 2\ScenegraphWithLightsTextures\Debug\link.12708.read.1.tlog
C:\Users\aklein\Desktop\Raytracer Part 2\ScenegraphWithLightsTextures\Debug\link.12708.write.1.tlog
C:\Users\aklein\Desktop\Raytracer Part 2\ScenegraphWithLightsTextures\Debug\link.1468-cvtres.read.1.tlog
C:\Users\aklein\Desktop\Raytracer Part 2\ScenegraphWithLightsTextures\Debug\link.1468-cvtres.write.1.tlog
C:\Users\aklein\Desktop\Raytracer Part 2\ScenegraphWithLightsTextures\Debug\link.1468-rc.read.1.tlog
C:\Users\aklein\Desktop\Raytracer Part 2\ScenegraphWithLightsTextures\Debug\link.1468-rc.write.1.tlog
C:\Users\aklein\Desktop\Raytracer Part 2\ScenegraphWithLightsTextures\Debug\link.1468.read.1.tlog
C:\Users\aklein\Desktop\Raytracer Part 2\ScenegraphWithLightsTextures\Debug\link.1468.write.1.tlog
C:\Users\aklein\Desktop\Raytracer Part 2\ScenegraphWithLightsTextures\Debug\link.1528-cvtres.read.1.tlog
C:\Users\aklein\Desktop\Raytracer Part 2\ScenegraphWithLightsTextures\Debug\link.1528-cvtres.write.1.tlog
C:\Users\aklein\Desktop\Raytracer Part 2\ScenegraphWithLightsTextures\Debug\link.1528-rc.read.1.tlog
C:\Users\aklein\Desktop\Raytracer Part 2\ScenegraphWithLightsTextures\Debug\link.1528-rc.write.1.tlog
C:\Users\aklein\Desktop\Raytracer Part 2\ScenegraphWithLightsTextures\Debug\link.1528.read.1.tlog
C:\Users\aklein\Desktop\Raytracer Part 2\ScenegraphWithLightsTextures\Debug\link.1528.write.1.tlog
C:\Users\aklein\Desktop\Raytracer Part 2\ScenegraphWithLightsTextures\Debug\link.1604-cvtres.read.1.tlog
C:\Users\aklein\Desktop\Raytracer Part 2\ScenegraphWithLightsTextures\Debug\link.1604-cvtres.write.1.tlog
C:\Users\aklein\Desktop\Raytracer Part 2\ScenegraphWithLightsTextures\Debug\link.1604-rc.read.1.tlog
C:\Users\aklein\Desktop\Raytracer Part 2\ScenegraphWithLightsTextures\Debug\link.1604-rc.write.1.tlog
C:\Users\aklein\Desktop\Raytracer Part 2\ScenegraphWithLightsTextures\Debug\link.1604.read.1.tlog
C:\Users\aklein\Desktop\Raytracer Part 2\ScenegraphWithLightsTextures\Debug\link.1604.write.1.tlog
C:\Users\aklein\Desktop\Raytracer Part 2\ScenegraphWithLightsTextures\Debug\link.17084-cvtres.read.1.tlog
C:\Users\aklein\Desktop\Raytracer Part 2\ScenegraphWithLightsTextures\Debug\link.17084-cvtres.write.1.tlog
C:\Users\aklein\Desktop\Raytracer Part 2\ScenegraphWithLightsTextures\Debug\link.17084-rc.read.1.tlog
C:\Users\aklein\Desktop\Raytracer Part 2\ScenegraphWithLightsTextures\Debug\link.17084-rc.write.1.tlog
C:\Users\aklein\Desktop\Raytracer Part 2\ScenegraphWithLightsTextures\Debug\link.17084.read.1.tlog
C:\Users\aklein\Desktop\Raytracer Part 2\ScenegraphWithLightsTextures\Debug\link.17084.write.1.tlog
C:\Users\aklein\Desktop\Raytracer Part 2\ScenegraphWithLightsTextures\Debug\link.17376-cvtres.read.1.tlog
C:\Users\aklein\Desktop\Raytracer Part 2\ScenegraphWithLightsTextures\Debug\link.17376-cvtres.write.1.tlog
C:\Users\aklein\Desktop\Raytracer Part 2\ScenegraphWithLightsTextures\Debug\link.17376-rc.read.1.tlog
C:\Users\aklein\Desktop\Raytracer Part 2\ScenegraphWithLightsTextures\Debug\link.17376-rc.write.1.tlog
C:\Users\aklein\Desktop\Raytracer Part 2\ScenegraphWithLightsTextures\Debug\link.17376.read.1.tlog
C:\Users\aklein\Desktop\Raytracer Part 2\ScenegraphWithLightsTextures\Debug\link.17376.write.1.tlog
C:\Users\aklein\Desktop\Raytracer Part 2\ScenegraphWithLightsTextures\Debug\link.2076-cvtres.read.1.tlog
C:\Users\aklein\Desktop\Raytracer Part 2\ScenegraphWithLightsTextures\Debug\link.2076-cvtres.write.1.tlog
C:\Users\aklein\Desktop\Raytracer Part 2\ScenegraphWithLightsTextures\Debug\link.2076-rc.read.1.tlog
C:\Users\aklein\Desktop\Raytracer Part 2\ScenegraphWithLightsTextures\Debug\link.2076-rc.write.1.tlog
C:\Users\aklein\Desktop\Raytracer Part 2\ScenegraphWithLightsTextures\Debug\link.2076.read.1.tlog
C:\Users\aklein\Desktop\Raytracer Part 2\ScenegraphWithLightsTextures\Debug\link.2076.write.1.tlog
C:\Users\aklein\Desktop\Raytracer Part 2\ScenegraphWithLightsTextures\Debug\link.2176-cvtres.read.1.tlog
C:\Users\aklein\Desktop\Raytracer Part 2\ScenegraphWithLightsTextures\Debug\link.2176-cvtres.write.1.tlog
C:\Users\aklein\Desktop\Raytracer Part 2\ScenegraphWithLightsTextures\Debug\link.2176-rc.read.1.tlog
C:\Users\aklein\Desktop\Raytracer Part 2\ScenegraphWithLightsTextures\Debug\link.2176-rc.write.1.tlog
C:\Users\aklein\Desktop\Raytracer Part 2\ScenegraphWithLightsTextures\Debug\link.2176.read.1.tlog
C:\Users\aklein\Desktop\Raytracer Part 2\ScenegraphWithLightsTextures\Debug\link.2176.write.1.tlog
C:\Users\aklein\Desktop\Raytracer Part 2\ScenegraphWithLightsTextures\Debug\link.2212-cvtres.read.1.tlog
C:\Users\aklein\Desktop\Raytracer Part 2\ScenegraphWithLightsTextures\Debug\link.2212-cvtres.write.1.tlog
C:\Users\aklein\Desktop\Raytracer Part 2\ScenegraphWithLightsTextures\Debug\link.2212-rc.read.1.tlog
C:\Users\aklein\Desktop\Raytracer Part 2\ScenegraphWithLightsTextures\Debug\link.2212-rc.write.1.tlog
C:\Users\aklein\Desktop\Raytracer Part 2\ScenegraphWithLightsTextures\Debug\link.2212.read.1.tlog
C:\Users\aklein\Desktop\Raytracer Part 2\ScenegraphWithLightsTextures\Debug\link.2212.write.1.tlog
C:\Users\aklein\Desktop\Raytracer Part 2\ScenegraphWithLightsTextures\Debug\link.22420-cvtres.read.1.tlog
C:\Users\aklein\Desktop\Raytracer Part 2\ScenegraphWithLightsTextures\Debug\link.22420-cvtres.write.1.tlog
C:\Users\aklein\Desktop\Raytracer Part 2\ScenegraphWithLightsTextures\Debug\link.22420-rc.read.1.tlog
C:\Users\aklein\Desktop\Raytracer Part 2\ScenegraphWithLightsTextures\Debug\link.22420-rc.write.1.tlog
C:\Users\aklein\Desktop\Raytracer Part 2\ScenegraphWithLightsTextures\Debug\link.22420.read.1.tlog
C:\Users\aklein\Desktop\Raytracer Part 2\ScenegraphWithLightsTextures\Debug\link.22420.write.1.tlog
C:\Users\aklein\Desktop\Raytracer Part 2\ScenegraphWithLightsTextures\Debug\link.23076-cvtres.read.1.tlog
C:\Users\aklein\Desktop\Raytracer Part 2\ScenegraphWithLightsTextures\Debug\link.23076-cvtres.write.1.tlog
C:\Users\aklein\Desktop\Raytracer Part 2\ScenegraphWithLightsTextures\Debug\link.23076-rc.read.1.tlog
C:\Users\aklein\Desktop\Raytracer Part 2\ScenegraphWithLightsTextures\Debug\link.23076-rc.write.1.tlog
C:\Users\aklein\Desktop\Raytracer Part 2\ScenegraphWithLightsTextures\Debug\link.23076.read.1.tlog
C:\Users\aklein\Desktop\Raytracer Part 2\ScenegraphWithLightsTextures\Debug\link.23076.write.1.tlog
C:\Users\aklein\Desktop\Raytracer Part 2\ScenegraphWithLightsTextures\Debug\link.23460-cvtres.read.1.tlog
C:\Users\aklein\Desktop\Raytracer Part 2\ScenegraphWithLightsTextures\Debug\link.23460-cvtres.write.1.tlog
C:\Users\aklein\Desktop\Raytracer Part 2\ScenegraphWithLightsTextures\Debug\link.23460-rc.read.1.tlog
C:\Users\aklein\Desktop\Raytracer Part 2\ScenegraphWithLightsTextures\Debug\link.23460-rc.write.1.tlog
C:\Users\aklein\Desktop\Raytracer Part 2\ScenegraphWithLightsTextures\Debug\link.23460.read.1.tlog
C:\Users\aklein\Desktop\Raytracer Part 2\ScenegraphWithLightsTextures\Debug\link.23460.write.1.tlog
C:\Users\aklein\Desktop\Raytracer Part 2\ScenegraphWithLightsTextures\Debug\link.2432-cvtres.read.1.tlog
C:\Users\aklein\Desktop\Raytracer Part 2\ScenegraphWithLightsTextures\Debug\link.2432-cvtres.write.1.tlog
C:\Users\aklein\Desktop\Raytracer Part 2\ScenegraphWithLightsTextures\Debug\link.2432-rc.read.1.tlog
C:\Users\aklein\Desktop\Raytracer Part 2\ScenegraphWithLightsTextures\Debug\link.2432-rc.write.1.tlog
C:\Users\aklein\Desktop\Raytracer Part 2\ScenegraphWithLightsTextures\Debug\link.2432.read.1.tlog
C:\Users\aklein\Desktop\Raytracer Part 2\ScenegraphWithLightsTextures\Debug\link.2432.write.1.tlog
C:\Users\aklein\Desktop\Raytracer Part 2\ScenegraphWithLightsTextures\Debug\link.24324-cvtres.read.1.tlog
C:\Users\aklein\Desktop\Raytracer Part 2\ScenegraphWithLightsTextures\Debug\link.24324-cvtres.write.1.tlog
C:\Users\aklein\Desktop\Raytracer Part 2\ScenegraphWithLightsTextures\Debug\link.24324-rc.read.1.tlog
C:\Users\aklein\Desktop\Raytracer Part 2\ScenegraphWithLightsTextures\Debug\link.24324-rc.write.1.tlog
C:\Users\aklein\Desktop\Raytracer Part 2\ScenegraphWithLightsTextures\Debug\link.24324.read.1.tlog
C:\Users\aklein\Desktop\Raytracer Part 2\ScenegraphWithLightsTextures\Debug\link.24324.write.1.tlog
C:\Users\aklein\Desktop\Raytracer Part 2\ScenegraphWithLightsTextures\Debug\link.24856-cvtres.read.1.tlog
C:\Users\aklein\Desktop\Raytracer Part 2\ScenegraphWithLightsTextures\Debug\link.24856-cvtres.write.1.tlog
C:\Users\aklein\Desktop\Raytracer Part 2\ScenegraphWithLightsTextures\Debug\link.24856-rc.read.1.tlog
C:\Users\aklein\Desktop\Raytracer Part 2\ScenegraphWithLightsTextures\Debug\link.24856-rc.write.1.tlog
C:\Users\aklein\Desktop\Raytracer Part 2\ScenegraphWithLightsTextures\Debug\link.24856.read.1.tlog
C:\Users\aklein\Desktop\Raytracer Part 2\ScenegraphWithLightsTextures\Debug\link.24856.write.1.tlog
C:\Users\aklein\Desktop\Raytracer Part 2\ScenegraphWithLightsTextures\Debug\link.27036-cvtres.read.1.tlog
C:\Users\aklein\Desktop\Raytracer Part 2\ScenegraphWithLightsTextures\Debug\link.27036-cvtres.write.1.tlog
C:\Users\aklein\Desktop\Raytracer Part 2\ScenegraphWithLightsTextures\Debug\link.27036-rc.read.1.tlog
C:\Users\aklein\Desktop\Raytracer Part 2\ScenegraphWithLightsTextures\Debug\link.27036-rc.write.1.tlog
C:\Users\aklein\Desktop\Raytracer Part 2\ScenegraphWithLightsTextures\Debug\link.27036.read.1.tlog
C:\Users\aklein\Desktop\Raytracer Part 2\ScenegraphWithLightsTextures\Debug\link.27036.write.1.tlog
C:\Users\aklein\Desktop\Raytracer Part 2\ScenegraphWithLightsTextures\Debug\link.27276-cvtres.read.1.tlog
C:\Users\aklein\Desktop\Raytracer Part 2\ScenegraphWithLightsTextures\Debug\link.27276-cvtres.write.1.tlog
C:\Users\aklein\Desktop\Raytracer Part 2\ScenegraphWithLightsTextures\Debug\link.27276-rc.read.1.tlog
C:\Users\aklein\Desktop\Raytracer Part 2\ScenegraphWithLightsTextures\Debug\link.27276-rc.write.1.tlog
C:\Users\aklein\Desktop\Raytracer Part 2\ScenegraphWithLightsTextures\Debug\link.27276.read.1.tlog
C:\Users\aklein\Desktop\Raytracer Part 2\ScenegraphWithLightsTextures\Debug\link.27276.write.1.tlog
C:\Users\aklein\Desktop\Raytracer Part 2\ScenegraphWithLightsTextures\Debug\link.27292-cvtres.read.1.tlog
C:\Users\aklein\Desktop\Raytracer Part 2\ScenegraphWithLightsTextures\Debug\link.27292-cvtres.write.1.tlog
C:\Users\aklein\Desktop\Raytracer Part 2\ScenegraphWithLightsTextures\Debug\link.27292-rc.read.1.tlog
C:\Users\aklein\Desktop\Raytracer Part 2\ScenegraphWithLightsTextures\Debug\link.27292-rc.write.1.tlog
C:\Users\aklein\Desktop\Raytracer Part 2\ScenegraphWithLightsTextures\Debug\link.27292.read.1.tlog
C:\Users\aklein\Desktop\Raytracer Part 2\ScenegraphWithLightsTextures\Debug\link.27292.write.1.tlog
C:\Users\aklein\Desktop\Raytracer Part 2\ScenegraphWithLightsTextures\Debug\link.3332-cvtres.read.1.tlog
C:\Users\aklein\Desktop\Raytracer Part 2\ScenegraphWithLightsTextures\Debug\link.3332-cvtres.write.1.tlog
C:\Users\aklein\Desktop\Raytracer Part 2\ScenegraphWithLightsTextures\Debug\link.3332-rc.read.1.tlog
C:\Users\aklein\Desktop\Raytracer Part 2\ScenegraphWithLightsTextures\Debug\link.3332-rc.write.1.tlog
C:\Users\aklein\Desktop\Raytracer Part 2\ScenegraphWithLightsTextures\Debug\link.3332.read.1.tlog
C:\Users\aklein\Desktop\Raytracer Part 2\ScenegraphWithLightsTextures\Debug\link.3332.write.1.tlog
C:\Users\aklein\Desktop\Raytracer Part 2\ScenegraphWithLightsTextures\Debug\link.3356-cvtres.read.1.tlog
C:\Users\aklein\Desktop\Raytracer Part 2\ScenegraphWithLightsTextures\Debug\link.3356-cvtres.write.1.tlog
C:\Users\aklein\Desktop\Raytracer Part 2\ScenegraphWithLightsTextures\Debug\link.3356-rc.read.1.tlog
C:\Users\aklein\Desktop\Raytracer Part 2\ScenegraphWithLightsTextures\Debug\link.3356-rc.write.1.tlog
C:\Users\aklein\Desktop\Raytracer Part 2\ScenegraphWithLightsTextures\Debug\link.3356.read.1.tlog
C:\Users\aklein\Desktop\Raytracer Part 2\ScenegraphWithLightsTextures\Debug\link.3356.write.1.tlog
C:\Users\aklein\Desktop\Raytracer Part 2\ScenegraphWithLightsTextures\Debug\link.3492-cvtres.read.1.tlog
C:\Users\aklein\Desktop\Raytracer Part 2\ScenegraphWithLightsTextures\Debug\link.3492-cvtres.write.1.tlog
C:\Users\aklein\Desktop\Raytracer Part 2\ScenegraphWithLightsTextures\Debug\link.3492-rc.read.1.tlog
C:\Users\aklein\Desktop\Raytracer Part 2\ScenegraphWithLightsTextures\Debug\link.3492-rc.write.1.tlog
C:\Users\aklein\Desktop\Raytracer Part 2\ScenegraphWithLightsTextures\Debug\link.3492.read.1.tlog
C:\Users\aklein\Desktop\Raytracer Part 2\ScenegraphWithLightsTextures\Debug\link.3492.write.1.tlog
C:\Users\aklein\Desktop\Raytracer Part 2\ScenegraphWithLightsTextures\Debug\link.3676-cvtres.read.1.tlog
C:\Users\aklein\Desktop\Raytracer Part 2\ScenegraphWithLightsTextures\Debug\link.3676-cvtres.write.1.tlog
C:\Users\aklein\Desktop\Raytracer Part 2\ScenegraphWithLightsTextures\Debug\link.3676-rc.read.1.tlog
C:\Users\aklein\Desktop\Raytracer Part 2\ScenegraphWithLightsTextures\Debug\link.3676-rc.write.1.tlog
C:\Users\aklein\Desktop\Raytracer Part 2\ScenegraphWithLightsTextures\Debug\link.3676.read.1.tlog
C:\Users\aklein\Desktop\Raytracer Part 2\ScenegraphWithLightsTextures\Debug\link.3676.write.1.tlog
C:\Users\aklein\Desktop\Raytracer Part 2\ScenegraphWithLightsTextures\Debug\link.3844-cvtres.read.1.tlog
C:\Users\aklein\Desktop\Raytracer Part 2\ScenegraphWithLightsTextures\Debug\link.3844-cvtres.write.1.tlog
C:\Users\aklein\Desktop\Raytracer Part 2\ScenegraphWithLightsTextures\Debug\link.3844-rc.read.1.tlog
C:\Users\aklein\Desktop\Raytracer Part 2\ScenegraphWithLightsTextures\Debug\link.3844-rc.write.1.tlog
C:\Users\aklein\Desktop\Raytracer Part 2\ScenegraphWithLightsTextures\Debug\link.3844.read.1.tlog
C:\Users\aklein\Desktop\Raytracer Part 2\ScenegraphWithLightsTextures\Debug\link.3844.write.1.tlog
C:\Users\aklein\Desktop\Raytracer Part 2\ScenegraphWithLightsTextures\Debug\link.3908-cvtres.read.1.tlog
C:\Users\aklein\Desktop\Raytracer Part 2\ScenegraphWithLightsTextures\Debug\link.3908-cvtres.write.1.tlog
C:\Users\aklein\Desktop\Raytracer Part 2\ScenegraphWithLightsTextures\Debug\link.3908-rc.read.1.tlog
C:\Users\aklein\Desktop\Raytracer Part 2\ScenegraphWithLightsTextures\Debug\link.3908-rc.write.1.tlog
C:\Users\aklein\Desktop\Raytracer Part 2\ScenegraphWithLightsTextures\Debug\link.3908.read.1.tlog
C:\Users\aklein\Desktop\Raytracer Part 2\ScenegraphWithLightsTextures\Debug\link.3908.write.1.tlog
C:\Users\aklein\Desktop\Raytracer Part 2\ScenegraphWithLightsTextures\Debug\link.3940-cvtres.read.1.tlog
C:\Users\aklein\Desktop\Raytracer Part 2\ScenegraphWithLightsTextures\Debug\link.3940-cvtres.write.1.tlog
C:\Users\aklein\Desktop\Raytracer Part 2\ScenegraphWithLightsTextures\Debug\link.3940-rc.read.1.tlog
C:\Users\aklein\Desktop\Raytracer Part 2\ScenegraphWithLightsTextures\Debug\link.3940-rc.write.1.tlog
C:\Users\aklein\Desktop\Raytracer Part 2\ScenegraphWithLightsTextures\Debug\link.3940.read.1.tlog
C:\Users\aklein\Desktop\Raytracer Part 2\ScenegraphWithLightsTextures\Debug\link.3940.write.1.tlog
C:\Users\aklein\Desktop\Raytracer Part 2\ScenegraphWithLightsTextures\Debug\link.4024-cvtres.read.1.tlog
C:\Users\aklein\Desktop\Raytracer Part 2\ScenegraphWithLightsTextures\Debug\link.4024-cvtres.write.1.tlog
C:\Users\aklein\Desktop\Raytracer Part 2\ScenegraphWithLightsTextures\Debug\link.4024-rc.read.1.tlog
C:\Users\aklein\Desktop\Raytracer Part 2\ScenegraphWithLightsTextures\Debug\link.4024-rc.write.1.tlog
C:\Users\aklein\Desktop\Raytracer Part 2\ScenegraphWithLightsTextures\Debug\link.4024.read.1.tlog
C:\Users\aklein\Desktop\Raytracer Part 2\ScenegraphWithLightsTextures\Debug\link.4024.write.1.tlog
C:\Users\aklein\Desktop\Raytracer Part 2\ScenegraphWithLightsTextures\Debug\link.4116-cvtres.read.1.tlog
C:\Users\aklein\Desktop\Raytracer Part 2\ScenegraphWithLightsTextures\Debug\link.4116-cvtres.write.1.tlog
C:\Users\aklein\Desktop\Raytracer Part 2\ScenegraphWithLightsTextures\Debug\link.4116-rc.read.1.tlog
C:\Users\aklein\Desktop\Raytracer Part 2\ScenegraphWithLightsTextures\Debug\link.4116-rc.write.1.tlog
C:\Users\aklein\Desktop\Raytracer Part 2\ScenegraphWithLightsTextures\Debug\link.4116.read.1.tlog
C:\Users\aklein\Desktop\Raytracer Part 2\ScenegraphWithLightsTextures\Debug\link.4116.write.1.tlog
C:\Users\aklein\Desktop\Raytracer Part 2\ScenegraphWithLightsTextures\Debug\link.4136-cvtres.read.1.tlog
C:\Users\aklein\Desktop\Raytracer Part 2\ScenegraphWithLightsTextures\Debug\link.4136-cvtres.write.1.tlog
C:\Users\aklein\Desktop\Raytracer Part 2\ScenegraphWithLightsTextures\Debug\link.4136-rc.read.1.tlog
C:\Users\aklein\Desktop\Raytracer Part 2\ScenegraphWithLightsTextures\Debug\link.4136-rc.write.1.tlog
C:\Users\aklein\Desktop\Raytracer Part 2\ScenegraphWithLightsTextures\Debug\link.4136.read.1.tlog
C:\Users\aklein\Desktop\Raytracer Part 2\ScenegraphWithLightsTextures\Debug\link.4136.write.1.tlog
C:\Users\aklein\Desktop\Raytracer Part 2\ScenegraphWithLightsTextures\Debug\link.4160-cvtres.read.1.tlog
C:\Users\aklein\Desktop\Raytracer Part 2\ScenegraphWithLightsTextures\Debug\link.4160-cvtres.write.1.tlog
C:\Users\aklein\Desktop\Raytracer Part 2\ScenegraphWithLightsTextures\Debug\link.4160-rc.read.1.tlog
C:\Users\aklein\Desktop\Raytracer Part 2\ScenegraphWithLightsTextures\Debug\link.4160-rc.write.1.tlog
C:\Users\aklein\Desktop\Raytracer Part 2\ScenegraphWithLightsTextures\Debug\link.4160.read.1.tlog
C:\Users\aklein\Desktop\Raytracer Part 2\ScenegraphWithLightsTextures\Debug\link.4160.write.1.tlog
C:\Users\aklein\Desktop\Raytracer Part 2\ScenegraphWithLightsTextures\Debug\link.4208-cvtres.read.1.tlog
C:\Users\aklein\Desktop\Raytracer Part 2\ScenegraphWithLightsTextures\Debug\link.4208-cvtres.write.1.tlog
C:\Users\aklein\Desktop\Raytracer Part 2\ScenegraphWithLightsTextures\Debug\link.4208-rc.read.1.tlog
C:\Users\aklein\Desktop\Raytracer Part 2\ScenegraphWithLightsTextures\Debug\link.4208-rc.write.1.tlog
C:\Users\aklein\Desktop\Raytracer Part 2\ScenegraphWithLightsTextures\Debug\link.4208.read.1.tlog
C:\Users\aklein\Desktop\Raytracer Part 2\ScenegraphWithLightsTextures\Debug\link.4208.write.1.tlog
C:\Users\aklein\Desktop\Raytracer Part 2\ScenegraphWithLightsTextures\Debug\link.4388-cvtres.read.1.tlog
C:\Users\aklein\Desktop\Raytracer Part 2\ScenegraphWithLightsTextures\Debug\link.4388-cvtres.write.1.tlog
C:\Users\aklein\Desktop\Raytracer Part 2\ScenegraphWithLightsTextures\Debug\link.4388-rc.read.1.tlog
C:\Users\aklein\Desktop\Raytracer Part 2\ScenegraphWithLightsTextures\Debug\link.4388-rc.write.1.tlog
C:\Users\aklein\Desktop\Raytracer Part 2\ScenegraphWithLightsTextures\Debug\link.4388.read.1.tlog
C:\Users\aklein\Desktop\Raytracer Part 2\ScenegraphWithLightsTextures\Debug\link.4388.write.1.tlog
C:\Users\aklein\Desktop\Raytracer Part 2\ScenegraphWithLightsTextures\Debug\link.4472-cvtres.read.1.tlog
C:\Users\aklein\Desktop\Raytracer Part 2\ScenegraphWithLightsTextures\Debug\link.4472-cvtres.write.1.tlog
C:\Users\aklein\Desktop\Raytracer Part 2\ScenegraphWithLightsTextures\Debug\link.4472-rc.read.1.tlog
C:\Users\aklein\Desktop\Raytracer Part 2\ScenegraphWithLightsTextures\Debug\link.4472-rc.write.1.tlog
C:\Users\aklein\Desktop\Raytracer Part 2\ScenegraphWithLightsTextures\Debug\link.4472.read.1.tlog
C:\Users\aklein\Desktop\Raytracer Part 2\ScenegraphWithLightsTextures\Debug\link.4472.write.1.tlog
C:\Users\aklein\Desktop\Raytracer Part 2\ScenegraphWithLightsTextures\Debug\link.4508-cvtres.read.1.tlog
C:\Users\aklein\Desktop\Raytracer Part 2\ScenegraphWithLightsTextures\Debug\link.4508-cvtres.write.1.tlog
C:\Users\aklein\Desktop\Raytracer Part 2\ScenegraphWithLightsTextures\Debug\link.4508-rc.read.1.tlog
C:\Users\aklein\Desktop\Raytracer Part 2\ScenegraphWithLightsTextures\Debug\link.4508-rc.write.1.tlog
C:\Users\aklein\Desktop\Raytracer Part 2\ScenegraphWithLightsTextures\Debug\link.4508.read.1.tlog
C:\Users\aklein\Desktop\Raytracer Part 2\ScenegraphWithLightsTextures\Debug\link.4508.write.1.tlog
C:\Users\aklein\Desktop\Raytracer Part 2\ScenegraphWithLightsTextures\Debug\link.4636-cvtres.read.1.tlog
C:\Users\aklein\Desktop\Raytracer Part 2\ScenegraphWithLightsTextures\Debug\link.4636-cvtres.write.1.tlog
C:\Users\aklein\Desktop\Raytracer Part 2\ScenegraphWithLightsTextures\Debug\link.4636-rc.read.1.tlog
C:\Users\aklein\Desktop\Raytracer Part 2\ScenegraphWithLightsTextures\Debug\link.4636-rc.write.1.tlog
C:\Users\aklein\Desktop\Raytracer Part 2\ScenegraphWithLightsTextures\Debug\link.4636.read.1.tlog
C:\Users\aklein\Desktop\Raytracer Part 2\ScenegraphWithLightsTextures\Debug\link.4636.write.1.tlog
C:\Users\aklein\Desktop\Raytracer Part 2\ScenegraphWithLightsTextures\Debug\link.4644-cvtres.read.1.tlog
C:\Users\aklein\Desktop\Raytracer Part 2\ScenegraphWithLightsTextures\Debug\link.4644-cvtres.write.1.tlog
C:\Users\aklein\Desktop\Raytracer Part 2\ScenegraphWithLightsTextures\Debug\link.4644-rc.read.1.tlog
C:\Users\aklein\Desktop\Raytracer Part 2\ScenegraphWithLightsTextures\Debug\link.4644-rc.write.1.tlog
C:\Users\aklein\Desktop\Raytracer Part 2\ScenegraphWithLightsTextures\Debug\link.4644.read.1.tlog
C:\Users\aklein\Desktop\Raytracer Part 2\ScenegraphWithLightsTextures\Debug\link.4644.write.1.tlog
C:\Users\aklein\Desktop\Raytracer Part 2\ScenegraphWithLightsTextures\Debug\link.4824-cvtres.read.1.tlog
C:\Users\aklein\Desktop\Raytracer Part 2\ScenegraphWithLightsTextures\Debug\link.4824-cvtres.write.1.tlog
C:\Users\aklein\Desktop\Raytracer Part 2\ScenegraphWithLightsTextures\Debug\link.4824-rc.read.1.tlog
C:\Users\aklein\Desktop\Raytracer Part 2\ScenegraphWithLightsTextures\Debug\link.4824-rc.write.1.tlog
C:\Users\aklein\Desktop\Raytracer Part 2\ScenegraphWithLightsTextures\Debug\link.4824.read.1.tlog
C:\Users\aklein\Desktop\Raytracer Part 2\ScenegraphWithLightsTextures\Debug\link.4824.write.1.tlog
C:\Users\aklein\Desktop\Raytracer Part 2\ScenegraphWithLightsTextures\Debug\link.4996-cvtres.read.1.tlog
C:\Users\aklein\Desktop\Raytracer Part 2\ScenegraphWithLightsTextures\Debug\link.4996-cvtres.write.1.tlog
C:\Users\aklein\Desktop\Raytracer Part 2\ScenegraphWithLightsTextures\Debug\link.4996-rc.read.1.tlog
C:\Users\aklein\Desktop\Raytracer Part 2\ScenegraphWithLightsTextures\Debug\link.4996-rc.write.1.tlog
C:\Users\aklein\Desktop\Raytracer Part 2\ScenegraphWithLightsTextures\Debug\link.4996.read.1.tlog
C:\Users\aklein\Desktop\Raytracer Part 2\ScenegraphWithLightsTextures\Debug\link.4996.write.1.tlog
C:\Users\aklein\Desktop\Raytracer Part 2\ScenegraphWithLightsTextures\Debug\link.5056-cvtres.read.1.tlog
C:\Users\aklein\Desktop\Raytracer Part 2\ScenegraphWithLightsTextures\Debug\link.5056-cvtres.write.1.tlog
C:\Users\aklein\Desktop\Raytracer Part 2\ScenegraphWithLightsTextures\Debug\link.5056-rc.read.1.tlog
C:\Users\aklein\Desktop\Raytracer Part 2\ScenegraphWithLightsTextures\Debug\link.5056-rc.write.1.tlog
C:\Users\aklein\Desktop\Raytracer Part 2\ScenegraphWithLightsTextures\Debug\link.5056.read.1.tlog
C:\Users\aklein\Desktop\Raytracer Part 2\ScenegraphWithLightsTextures\Debug\link.5056.write.1.tlog
C:\Users\aklein\Desktop\Raytracer Part 2\ScenegraphWithLightsTextures\Debug\link.5072-cvtres.read.1.tlog
C:\Users\aklein\Desktop\Raytracer Part 2\ScenegraphWithLightsTextures\Debug\link.5072-cvtres.write.1.tlog
C:\Users\aklein\Desktop\Raytracer Part 2\ScenegraphWithLightsTextures\Debug\link.5072-rc.read.1.tlog
C:\Users\aklein\Desktop\Raytracer Part 2\ScenegraphWithLightsTextures\Debug\link.5072-rc.write.1.tlog
C:\Users\aklein\Desktop\Raytracer Part 2\ScenegraphWithLightsTextures\Debug\link.5072.read.1.tlog
C:\Users\aklein\Desktop\Raytracer Part 2\ScenegraphWithLightsTextures\Debug\link.5072.write.1.tlog
C:\Users\aklein\Desktop\Raytracer Part 2\ScenegraphWithLightsTextures\Debug\link.5088-cvtres.read.1.tlog
C:\Users\aklein\Desktop\Raytracer Part 2\ScenegraphWithLightsTextures\Debug\link.5088-cvtres.write.1.tlog
C:\Users\aklein\Desktop\Raytracer Part 2\ScenegraphWithLightsTextures\Debug\link.5088-rc.read.1.tlog
C:\Users\aklein\Desktop\Raytracer Part 2\ScenegraphWithLightsTextures\Debug\link.5088-rc.write.1.tlog
C:\Users\aklein\Desktop\Raytracer Part 2\ScenegraphWithLightsTextures\Debug\link.5088.read.1.tlog
C:\Users\aklein\Desktop\Raytracer Part 2\ScenegraphWithLightsTextures\Debug\link.5088.write.1.tlog
C:\Users\aklein\Desktop\Raytracer Part 2\ScenegraphWithLightsTextures\Debug\link.5208-cvtres.read.1.tlog
C:\Users\aklein\Desktop\Raytracer Part 2\ScenegraphWithLightsTextures\Debug\link.5208-cvtres.write.1.tlog
C:\Users\aklein\Desktop\Raytracer Part 2\ScenegraphWithLightsTextures\Debug\link.5208-rc.read.1.tlog
C:\Users\aklein\Desktop\Raytracer Part 2\ScenegraphWithLightsTextures\Debug\link.5208-rc.write.1.tlog
C:\Users\aklein\Desktop\Raytracer Part 2\ScenegraphWithLightsTextures\Debug\link.5208.read.1.tlog
C:\Users\aklein\Desktop\Raytracer Part 2\ScenegraphWithLightsTextures\Debug\link.5208.write.1.tlog
C:\Users\aklein\Desktop\Raytracer Part 2\ScenegraphWithLightsTextures\Debug\link.5492-cvtres.read.1.tlog
C:\Users\aklein\Desktop\Raytracer Part 2\ScenegraphWithLightsTextures\Debug\link.5492-cvtres.write.1.tlog
C:\Users\aklein\Desktop\Raytracer Part 2\ScenegraphWithLightsTextures\Debug\link.5492-rc.read.1.tlog
C:\Users\aklein\Desktop\Raytracer Part 2\ScenegraphWithLightsTextures\Debug\link.5492-rc.write.1.tlog
C:\Users\aklein\Desktop\Raytracer Part 2\ScenegraphWithLightsTextures\Debug\link.5492.read.1.tlog
C:\Users\aklein\Desktop\Raytracer Part 2\ScenegraphWithLightsTextures\Debug\link.5492.write.1.tlog
C:\Users\aklein\Desktop\Raytracer Part 2\ScenegraphWithLightsTextures\Debug\link.5920-cvtres.read.1.tlog
C:\Users\aklein\Desktop\Raytracer Part 2\ScenegraphWithLightsTextures\Debug\link.5920-cvtres.write.1.tlog
C:\Users\aklein\Desktop\Raytracer Part 2\ScenegraphWithLightsTextures\Debug\link.5920-rc.read.1.tlog
C:\Users\aklein\Desktop\Raytracer Part 2\ScenegraphWithLightsTextures\Debug\link.5920-rc.write.1.tlog
C:\Users\aklein\Desktop\Raytracer Part 2\ScenegraphWithLightsTextures\Debug\link.5920.read.1.tlog
C:\Users\aklein\Desktop\Raytracer Part 2\ScenegraphWithLightsTextures\Debug\link.5920.write.1.tlog
C:\Users\aklein\Desktop\Raytracer Part 2\ScenegraphWithLightsTextures\Debug\link.6080-cvtres.read.1.tlog
C:\Users\aklein\Desktop\Raytracer Part 2\ScenegraphWithLightsTextures\Debug\link.6080-cvtres.write.1.tlog
C:\Users\aklein\Desktop\Raytracer Part 2\ScenegraphWithLightsTextures\Debug\link.6080-rc.read.1.tlog
C:\Users\aklein\Desktop\Raytracer Part 2\ScenegraphWithLightsTextures\Debug\link.6080-rc.write.1.tlog
C:\Users\aklein\Desktop\Raytracer Part 2\ScenegraphWithLightsTextures\Debug\link.6080.read.1.tlog
C:\Users\aklein\Desktop\Raytracer Part 2\ScenegraphWithLightsTextures\Debug\link.6080.write.1.tlog
C:\Users\aklein\Desktop\Raytracer Part 2\ScenegraphWithLightsTextures\Debug\link.6108-cvtres.read.1.tlog
C:\Users\aklein\Desktop\Raytracer Part 2\ScenegraphWithLightsTextures\Debug\link.6108-cvtres.write.1.tlog
C:\Users\aklein\Desktop\Raytracer Part 2\ScenegraphWithLightsTextures\Debug\link.6108-rc.read.1.tlog
C:\Users\aklein\Desktop\Raytracer Part 2\ScenegraphWithLightsTextures\Debug\link.6108-rc.write.1.tlog
C:\Users\aklein\Desktop\Raytracer Part 2\ScenegraphWithLightsTextures\Debug\link.6108.read.1.tlog
C:\Users\aklein\Desktop\Raytracer Part 2\ScenegraphWithLightsTextures\Debug\link.6108.write.1.tlog
C:\Users\aklein\Desktop\Raytracer Part 2\ScenegraphWithLightsTextures\Debug\link.692-cvtres.read.1.tlog
C:\Users\aklein\Desktop\Raytracer Part 2\ScenegraphWithLightsTextures\Debug\link.692-cvtres.write.1.tlog
C:\Users\aklein\Desktop\Raytracer Part 2\ScenegraphWithLightsTextures\Debug\link.692-rc.read.1.tlog
C:\Users\aklein\Desktop\Raytracer Part 2\ScenegraphWithLightsTextures\Debug\link.692-rc.write.1.tlog
C:\Users\aklein\Desktop\Raytracer Part 2\ScenegraphWithLightsTextures\Debug\link.692.read.1.tlog
C:\Users\aklein\Desktop\Raytracer Part 2\ScenegraphWithLightsTextures\Debug\link.692.write.1.tlog
C:\Users\aklein\Desktop\Raytracer Part 2\ScenegraphWithLightsTextures\Debug\link.712-cvtres.read.1.tlog
C:\Users\aklein\Desktop\Raytracer Part 2\ScenegraphWithLightsTextures\Debug\link.712-cvtres.write.1.tlog
C:\Users\aklein\Desktop\Raytracer Part 2\ScenegraphWithLightsTextures\Debug\link.712-rc.read.1.tlog
C:\Users\aklein\Desktop\Raytracer Part 2\ScenegraphWithLightsTextures\Debug\link.712-rc.write.1.tlog
C:\Users\aklein\Desktop\Raytracer Part 2\ScenegraphWithLightsTextures\Debug\link.712.read.1.tlog
C:\Users\aklein\Desktop\Raytracer Part 2\ScenegraphWithLightsTextures\Debug\link.712.write.1.tlog
C:\Users\aklein\Desktop\Raytracer Part 2\ScenegraphWithLightsTextures\Debug\link.716-cvtres.read.1.tlog
C:\Users\aklein\Desktop\Raytracer Part 2\ScenegraphWithLightsTextures\Debug\link.716-cvtres.write.1.tlog
C:\Users\aklein\Desktop\Raytracer Part 2\ScenegraphWithLightsTextures\Debug\link.716-rc.read.1.tlog
C:\Users\aklein\Desktop\Raytracer Part 2\ScenegraphWithLightsTextures\Debug\link.716-rc.write.1.tlog
C:\Users\aklein\Desktop\Raytracer Part 2\ScenegraphWithLightsTextures\Debug\link.716.read.1.tlog
C:\Users\aklein\Desktop\Raytracer Part 2\ScenegraphWithLightsTextures\Debug\link.716.write.1.tlog
C:\Users\aklein\Desktop\Raytracer Part 2\ScenegraphWithLightsTextures\Debug\link.8896-cvtres.read.1.tlog
C:\Users\aklein\Desktop\Raytracer Part 2\ScenegraphWithLightsTextures\Debug\link.8896-cvtres.write.1.tlog
C:\Users\aklein\Desktop\Raytracer Part 2\ScenegraphWithLightsTextures\Debug\link.8896-rc.read.1.tlog
C:\Users\aklein\Desktop\Raytracer Part 2\ScenegraphWithLightsTextures\Debug\link.8896-rc.write.1.tlog
C:\Users\aklein\Desktop\Raytracer Part 2\ScenegraphWithLightsTextures\Debug\link.8896.read.1.tlog
C:\Users\aklein\Desktop\Raytracer Part 2\ScenegraphWithLightsTextures\Debug\link.8896.write.1.tlog
C:\Users\aklein\Desktop\Raytracer Part 2\ScenegraphWithLightsTextures\Debug\link.9292-cvtres.read.1.tlog
C:\Users\aklein\Desktop\Raytracer Part 2\ScenegraphWithLightsTextures\Debug\link.9292-cvtres.write.1.tlog
C:\Users\aklein\Desktop\Raytracer Part 2\ScenegraphWithLightsTextures\Debug\link.9292-rc.read.1.tlog
C:\Users\aklein\Desktop\Raytracer Part 2\ScenegraphWithLightsTextures\Debug\link.9292-rc.write.1.tlog
C:\Users\aklein\Desktop\Raytracer Part 2\ScenegraphWithLightsTextures\Debug\link.9292.read.1.tlog
C:\Users\aklein\Desktop\Raytracer Part 2\ScenegraphWithLightsTextures\Debug\link.9292.write.1.tlog
C:\Users\aklein\Desktop\Raytracer Part 2\ScenegraphWithLightsTextures\Debug\link.command.1.tlog
C:\Users\aklein\Desktop\Raytracer Part 2\ScenegraphWithLightsTextures\Debug\link.read.1.tlog
C:\Users\aklein\Desktop\Raytracer Part 2\ScenegraphWithLightsTextures\Debug\link.write.1.tlog
C:\Users\aklein\Desktop\Raytracer Part 2\ScenegraphWithLightsTextures\Debug\vc110.idb
C:\Users\aklein\Desktop\Raytracer Part 2\ScenegraphWithLightsTextures\Debug\vc110.pdb
C:\Users\aklein\Desktop\Raytracer Part 2\Debug\ScenegraphWithLightsTextures.pdb
C:\Users\aklein\Desktop\Raytracer Part 2\Debug\ScenegraphWithLightsTextures.exe
C:\Users\aklein\Desktop\Raytracer Part 2\Debug\ScenegraphWithLightsTextures.ilk
